CRITICAL - 2022-06-22 11:47:38 --> Class 'App\Controllers\PessoaModel' not found
#0 C:\wamp64\www\Loja-Veiculos\system\CodeIgniter.php(832): App\Controllers\Home->loginPessoa()
#1 C:\wamp64\www\Loja-Veiculos\system\CodeIgniter.php(419): CodeIgniter\CodeIgniter->runController(Object(App\Controllers\Home))
#2 C:\wamp64\www\Loja-Veiculos\system\CodeIgniter.php(326): CodeIgniter\CodeIgniter->handleRequest(NULL, Object(Config\Cache), false)
#3 C:\wamp64\www\Loja-Veiculos\public\index.php(37): CodeIgniter\CodeIgniter->run()
#4 C:\wamp64\www\Loja-Veiculos\system\Commands\Server\rewrite.php(43): require_once('C:\\wamp64\\www\\L...')
#5 {main}
CRITICAL - 2022-06-22 11:50:53 --> Class 'App\Controllers\PessoaModel' not found
#0 C:\wamp64\www\Loja-Veiculos\system\CodeIgniter.php(832): App\Controllers\Home->loginPessoa()
#1 C:\wamp64\www\Loja-Veiculos\system\CodeIgniter.php(419): CodeIgniter\CodeIgniter->runController(Object(App\Controllers\Home))
#2 C:\wamp64\www\Loja-Veiculos\system\CodeIgniter.php(326): CodeIgniter\CodeIgniter->handleRequest(NULL, Object(Config\Cache), false)
#3 C:\wamp64\www\Loja-Veiculos\public\index.php(37): CodeIgniter\CodeIgniter->run()
#4 C:\wamp64\www\Loja-Veiculos\system\Commands\Server\rewrite.php(43): require_once('C:\\wamp64\\www\\L...')
#5 {main}
CRITICAL - 2022-06-22 11:51:24 --> Class 'App\Controllers\PessoaModel' not found
#0 C:\wamp64\www\Loja-Veiculos\system\CodeIgniter.php(832): App\Controllers\Home->loginPessoa()
#1 C:\wamp64\www\Loja-Veiculos\system\CodeIgniter.php(419): CodeIgniter\CodeIgniter->runController(Object(App\Controllers\Home))
#2 C:\wamp64\www\Loja-Veiculos\system\CodeIgniter.php(326): CodeIgniter\CodeIgniter->handleRequest(NULL, Object(Config\Cache), false)
#3 C:\wamp64\www\Loja-Veiculos\public\index.php(37): CodeIgniter\CodeIgniter->run()
#4 C:\wamp64\www\Loja-Veiculos\system\Commands\Server\rewrite.php(43): require_once('C:\\wamp64\\www\\L...')
#5 {main}
CRITICAL - 2022-06-22 11:54:42 -->  route cannot be found while reverse-routing.
#0 C:\wamp64\www\Loja-Veiculos\system\HTTP\RedirectResponse.php(56): CodeIgniter\HTTP\Exceptions\HTTPException::forInvalidRedirectRoute('')
#1 C:\wamp64\www\Loja-Veiculos\system\Common.php(832): CodeIgniter\HTTP\RedirectResponse->route(false)
#2 C:\wamp64\www\Loja-Veiculos\app\Controllers\Home.php(131): redirect('home')
#3 C:\wamp64\www\Loja-Veiculos\system\CodeIgniter.php(832): App\Controllers\Home->loginPessoa()
#4 C:\wamp64\www\Loja-Veiculos\system\CodeIgniter.php(419): CodeIgniter\CodeIgniter->runController(Object(App\Controllers\Home))
#5 C:\wamp64\www\Loja-Veiculos\system\CodeIgniter.php(326): CodeIgniter\CodeIgniter->handleRequest(NULL, Object(Config\Cache), false)
#6 C:\wamp64\www\Loja-Veiculos\public\index.php(37): CodeIgniter\CodeIgniter->run()
#7 C:\wamp64\www\Loja-Veiculos\system\Commands\Server\rewrite.php(43): require_once('C:\\wamp64\\www\\L...')
#8 {main}
CRITICAL - 2022-06-22 11:57:40 -->  route cannot be found while reverse-routing.
#0 C:\wamp64\www\Loja-Veiculos\system\HTTP\RedirectResponse.php(56): CodeIgniter\HTTP\Exceptions\HTTPException::forInvalidRedirectRoute('')
#1 C:\wamp64\www\Loja-Veiculos\system\Common.php(832): CodeIgniter\HTTP\RedirectResponse->route(false)
#2 C:\wamp64\www\Loja-Veiculos\app\Controllers\Home.php(129): redirect('home')
#3 C:\wamp64\www\Loja-Veiculos\system\CodeIgniter.php(832): App\Controllers\Home->loginPessoa()
#4 C:\wamp64\www\Loja-Veiculos\system\CodeIgniter.php(419): CodeIgniter\CodeIgniter->runController(Object(App\Controllers\Home))
#5 C:\wamp64\www\Loja-Veiculos\system\CodeIgniter.php(326): CodeIgniter\CodeIgniter->handleRequest(NULL, Object(Config\Cache), false)
#6 C:\wamp64\www\Loja-Veiculos\public\index.php(37): CodeIgniter\CodeIgniter->run()
#7 C:\wamp64\www\Loja-Veiculos\system\Commands\Server\rewrite.php(43): require_once('C:\\wamp64\\www\\L...')
#8 {main}
CRITICAL - 2022-06-22 11:58:13 -->  route cannot be found while reverse-routing.
#0 C:\wamp64\www\Loja-Veiculos\system\HTTP\RedirectResponse.php(56): CodeIgniter\HTTP\Exceptions\HTTPException::forInvalidRedirectRoute('')
#1 C:\wamp64\www\Loja-Veiculos\system\Common.php(832): CodeIgniter\HTTP\RedirectResponse->route(false)
#2 C:\wamp64\www\Loja-Veiculos\app\Controllers\Home.php(131): redirect('home')
#3 C:\wamp64\www\Loja-Veiculos\system\CodeIgniter.php(832): App\Controllers\Home->loginPessoa()
#4 C:\wamp64\www\Loja-Veiculos\system\CodeIgniter.php(419): CodeIgniter\CodeIgniter->runController(Object(App\Controllers\Home))
#5 C:\wamp64\www\Loja-Veiculos\system\CodeIgniter.php(326): CodeIgniter\CodeIgniter->handleRequest(NULL, Object(Config\Cache), false)
#6 C:\wamp64\www\Loja-Veiculos\public\index.php(37): CodeIgniter\CodeIgniter->run()
#7 C:\wamp64\www\Loja-Veiculos\system\Commands\Server\rewrite.php(43): require_once('C:\\wamp64\\www\\L...')
#8 {main}
CRITICAL - 2022-06-22 12:04:56 -->  route cannot be found while reverse-routing.
#0 C:\wamp64\www\Loja-Veiculos\system\HTTP\RedirectResponse.php(56): CodeIgniter\HTTP\Exceptions\HTTPException::forInvalidRedirectRoute('')
#1 C:\wamp64\www\Loja-Veiculos\system\Common.php(832): CodeIgniter\HTTP\RedirectResponse->route(false)
#2 C:\wamp64\www\Loja-Veiculos\app\Controllers\Home.php(131): redirect('home')
#3 C:\wamp64\www\Loja-Veiculos\system\CodeIgniter.php(832): App\Controllers\Home->loginPessoa()
#4 C:\wamp64\www\Loja-Veiculos\system\CodeIgniter.php(419): CodeIgniter\CodeIgniter->runController(Object(App\Controllers\Home))
#5 C:\wamp64\www\Loja-Veiculos\system\CodeIgniter.php(326): CodeIgniter\CodeIgniter->handleRequest(NULL, Object(Config\Cache), false)
#6 C:\wamp64\www\Loja-Veiculos\public\index.php(37): CodeIgniter\CodeIgniter->run()
#7 C:\wamp64\www\Loja-Veiculos\system\Commands\Server\rewrite.php(43): require_once('C:\\wamp64\\www\\L...')
#8 {main}
CRITICAL - 2022-06-22 12:05:34 -->  route cannot be found while reverse-routing.
#0 C:\wamp64\www\Loja-Veiculos\system\HTTP\RedirectResponse.php(56): CodeIgniter\HTTP\Exceptions\HTTPException::forInvalidRedirectRoute('')
#1 C:\wamp64\www\Loja-Veiculos\system\Common.php(832): CodeIgniter\HTTP\RedirectResponse->route(false)
#2 C:\wamp64\www\Loja-Veiculos\app\Controllers\Home.php(131): redirect('home')
#3 C:\wamp64\www\Loja-Veiculos\system\CodeIgniter.php(832): App\Controllers\Home->loginPessoa()
#4 C:\wamp64\www\Loja-Veiculos\system\CodeIgniter.php(419): CodeIgniter\CodeIgniter->runController(Object(App\Controllers\Home))
#5 C:\wamp64\www\Loja-Veiculos\system\CodeIgniter.php(326): CodeIgniter\CodeIgniter->handleRequest(NULL, Object(Config\Cache), false)
#6 C:\wamp64\www\Loja-Veiculos\public\index.php(37): CodeIgniter\CodeIgniter->run()
#7 C:\wamp64\www\Loja-Veiculos\system\Commands\Server\rewrite.php(43): require_once('C:\\wamp64\\www\\L...')
#8 {main}
CRITICAL - 2022-06-22 12:06:01 --> Object of class CodeIgniter\Session\Session could not be converted to string
#0 C:\wamp64\www\Loja-Veiculos\system\CodeIgniter.php(832): App\Controllers\Home->loginPessoa()
#1 C:\wamp64\www\Loja-Veiculos\system\CodeIgniter.php(419): CodeIgniter\CodeIgniter->runController(Object(App\Controllers\Home))
#2 C:\wamp64\www\Loja-Veiculos\system\CodeIgniter.php(326): CodeIgniter\CodeIgniter->handleRequest(NULL, Object(Config\Cache), false)
#3 C:\wamp64\www\Loja-Veiculos\public\index.php(37): CodeIgniter\CodeIgniter->run()
#4 C:\wamp64\www\Loja-Veiculos\system\Commands\Server\rewrite.php(43): require_once('C:\\wamp64\\www\\L...')
#5 {main}
CRITICAL - 2022-06-22 12:06:17 --> Cannot use [] for reading
#0 [internal function]: CodeIgniter\Debug\Exceptions->shutdownHandler()
#1 {main}
CRITICAL - 2022-06-22 12:06:37 -->  route cannot be found while reverse-routing.
#0 C:\wamp64\www\Loja-Veiculos\system\HTTP\RedirectResponse.php(56): CodeIgniter\HTTP\Exceptions\HTTPException::forInvalidRedirectRoute('')
#1 C:\wamp64\www\Loja-Veiculos\system\Common.php(832): CodeIgniter\HTTP\RedirectResponse->route(false)
#2 C:\wamp64\www\Loja-Veiculos\app\Controllers\Home.php(131): redirect('home')
#3 C:\wamp64\www\Loja-Veiculos\system\CodeIgniter.php(832): App\Controllers\Home->loginPessoa()
#4 C:\wamp64\www\Loja-Veiculos\system\CodeIgniter.php(419): CodeIgniter\CodeIgniter->runController(Object(App\Controllers\Home))
#5 C:\wamp64\www\Loja-Veiculos\system\CodeIgniter.php(326): CodeIgniter\CodeIgniter->handleRequest(NULL, Object(Config\Cache), false)
#6 C:\wamp64\www\Loja-Veiculos\public\index.php(37): CodeIgniter\CodeIgniter->run()
#7 C:\wamp64\www\Loja-Veiculos\system\Commands\Server\rewrite.php(43): require_once('C:\\wamp64\\www\\L...')
#8 {main}
CRITICAL - 2022-06-22 12:07:55 -->  route cannot be found while reverse-routing.
#0 C:\wamp64\www\Loja-Veiculos\system\HTTP\RedirectResponse.php(56): CodeIgniter\HTTP\Exceptions\HTTPException::forInvalidRedirectRoute('')
#1 C:\wamp64\www\Loja-Veiculos\system\Common.php(832): CodeIgniter\HTTP\RedirectResponse->route(false)
#2 C:\wamp64\www\Loja-Veiculos\app\Controllers\Home.php(129): redirect('home')
#3 C:\wamp64\www\Loja-Veiculos\system\CodeIgniter.php(832): App\Controllers\Home->loginPessoa()
#4 C:\wamp64\www\Loja-Veiculos\system\CodeIgniter.php(419): CodeIgniter\CodeIgniter->runController(Object(App\Controllers\Home))
#5 C:\wamp64\www\Loja-Veiculos\system\CodeIgniter.php(326): CodeIgniter\CodeIgniter->handleRequest(NULL, Object(Config\Cache), false)
#6 C:\wamp64\www\Loja-Veiculos\public\index.php(37): CodeIgniter\CodeIgniter->run()
#7 C:\wamp64\www\Loja-Veiculos\system\Commands\Server\rewrite.php(43): require_once('C:\\wamp64\\www\\L...')
#8 {main}
CRITICAL - 2022-06-22 12:08:23 -->  route cannot be found while reverse-routing.
#0 C:\wamp64\www\Loja-Veiculos\system\HTTP\RedirectResponse.php(56): CodeIgniter\HTTP\Exceptions\HTTPException::forInvalidRedirectRoute('')
#1 C:\wamp64\www\Loja-Veiculos\system\Common.php(832): CodeIgniter\HTTP\RedirectResponse->route(false)
#2 C:\wamp64\www\Loja-Veiculos\app\Controllers\Home.php(129): redirect('home')
#3 C:\wamp64\www\Loja-Veiculos\system\CodeIgniter.php(832): App\Controllers\Home->loginPessoa()
#4 C:\wamp64\www\Loja-Veiculos\system\CodeIgniter.php(419): CodeIgniter\CodeIgniter->runController(Object(App\Controllers\Home))
#5 C:\wamp64\www\Loja-Veiculos\system\CodeIgniter.php(326): CodeIgniter\CodeIgniter->handleRequest(NULL, Object(Config\Cache), false)
#6 C:\wamp64\www\Loja-Veiculos\public\index.php(37): CodeIgniter\CodeIgniter->run()
#7 C:\wamp64\www\Loja-Veiculos\system\Commands\Server\rewrite.php(43): require_once('C:\\wamp64\\www\\L...')
#8 {main}
CRITICAL - 2022-06-22 12:09:31 -->  route cannot be found while reverse-routing.
#0 C:\wamp64\www\Loja-Veiculos\system\HTTP\RedirectResponse.php(56): CodeIgniter\HTTP\Exceptions\HTTPException::forInvalidRedirectRoute('')
#1 C:\wamp64\www\Loja-Veiculos\system\Common.php(832): CodeIgniter\HTTP\RedirectResponse->route(false)
#2 C:\wamp64\www\Loja-Veiculos\app\Controllers\Home.php(130): redirect('home')
#3 C:\wamp64\www\Loja-Veiculos\system\CodeIgniter.php(832): App\Controllers\Home->loginPessoa()
#4 C:\wamp64\www\Loja-Veiculos\system\CodeIgniter.php(419): CodeIgniter\CodeIgniter->runController(Object(App\Controllers\Home))
#5 C:\wamp64\www\Loja-Veiculos\system\CodeIgniter.php(326): CodeIgniter\CodeIgniter->handleRequest(NULL, Object(Config\Cache), false)
#6 C:\wamp64\www\Loja-Veiculos\public\index.php(37): CodeIgniter\CodeIgniter->run()
#7 C:\wamp64\www\Loja-Veiculos\system\Commands\Server\rewrite.php(43): require_once('C:\\wamp64\\www\\L...')
#8 {main}
CRITICAL - 2022-06-22 12:09:41 -->  route cannot be found while reverse-routing.
#0 C:\wamp64\www\Loja-Veiculos\system\HTTP\RedirectResponse.php(56): CodeIgniter\HTTP\Exceptions\HTTPException::forInvalidRedirectRoute('')
#1 C:\wamp64\www\Loja-Veiculos\system\Common.php(832): CodeIgniter\HTTP\RedirectResponse->route(false)
#2 C:\wamp64\www\Loja-Veiculos\app\Controllers\Home.php(131): redirect('home')
#3 C:\wamp64\www\Loja-Veiculos\system\CodeIgniter.php(832): App\Controllers\Home->loginPessoa()
#4 C:\wamp64\www\Loja-Veiculos\system\CodeIgniter.php(419): CodeIgniter\CodeIgniter->runController(Object(App\Controllers\Home))
#5 C:\wamp64\www\Loja-Veiculos\system\CodeIgniter.php(326): CodeIgniter\CodeIgniter->handleRequest(NULL, Object(Config\Cache), false)
#6 C:\wamp64\www\Loja-Veiculos\public\index.php(37): CodeIgniter\CodeIgniter->run()
#7 C:\wamp64\www\Loja-Veiculos\system\Commands\Server\rewrite.php(43): require_once('C:\\wamp64\\www\\L...')
#8 {main}
CRITICAL - 2022-06-22 12:09:50 -->  route cannot be found while reverse-routing.
#0 C:\wamp64\www\Loja-Veiculos\system\HTTP\RedirectResponse.php(56): CodeIgniter\HTTP\Exceptions\HTTPException::forInvalidRedirectRoute('')
#1 C:\wamp64\www\Loja-Veiculos\system\Common.php(832): CodeIgniter\HTTP\RedirectResponse->route(false)
#2 C:\wamp64\www\Loja-Veiculos\app\Controllers\Home.php(130): redirect('home')
#3 C:\wamp64\www\Loja-Veiculos\system\CodeIgniter.php(832): App\Controllers\Home->loginPessoa()
#4 C:\wamp64\www\Loja-Veiculos\system\CodeIgniter.php(419): CodeIgniter\CodeIgniter->runController(Object(App\Controllers\Home))
#5 C:\wamp64\www\Loja-Veiculos\system\CodeIgniter.php(326): CodeIgniter\CodeIgniter->handleRequest(NULL, Object(Config\Cache), false)
#6 C:\wamp64\www\Loja-Veiculos\public\index.php(37): CodeIgniter\CodeIgniter->run()
#7 C:\wamp64\www\Loja-Veiculos\system\Commands\Server\rewrite.php(43): require_once('C:\\wamp64\\www\\L...')
#8 {main}
CRITICAL - 2022-06-22 12:10:02 -->  route cannot be found while reverse-routing.
#0 C:\wamp64\www\Loja-Veiculos\system\HTTP\RedirectResponse.php(56): CodeIgniter\HTTP\Exceptions\HTTPException::forInvalidRedirectRoute('')
#1 C:\wamp64\www\Loja-Veiculos\system\Common.php(832): CodeIgniter\HTTP\RedirectResponse->route(false)
#2 C:\wamp64\www\Loja-Veiculos\app\Controllers\Home.php(130): redirect('home')
#3 C:\wamp64\www\Loja-Veiculos\system\CodeIgniter.php(832): App\Controllers\Home->loginPessoa()
#4 C:\wamp64\www\Loja-Veiculos\system\CodeIgniter.php(419): CodeIgniter\CodeIgniter->runController(Object(App\Controllers\Home))
#5 C:\wamp64\www\Loja-Veiculos\system\CodeIgniter.php(326): CodeIgniter\CodeIgniter->handleRequest(NULL, Object(Config\Cache), false)
#6 C:\wamp64\www\Loja-Veiculos\public\index.php(37): CodeIgniter\CodeIgniter->run()
#7 C:\wamp64\www\Loja-Veiculos\system\Commands\Server\rewrite.php(43): require_once('C:\\wamp64\\www\\L...')
#8 {main}
CRITICAL - 2022-06-22 12:10:14 -->  route cannot be found while reverse-routing.
#0 C:\wamp64\www\Loja-Veiculos\system\HTTP\RedirectResponse.php(56): CodeIgniter\HTTP\Exceptions\HTTPException::forInvalidRedirectRoute('')
#1 C:\wamp64\www\Loja-Veiculos\system\Common.php(832): CodeIgniter\HTTP\RedirectResponse->route(false)
#2 C:\wamp64\www\Loja-Veiculos\app\Controllers\Home.php(130): redirect('home')
#3 C:\wamp64\www\Loja-Veiculos\system\CodeIgniter.php(832): App\Controllers\Home->loginPessoa()
#4 C:\wamp64\www\Loja-Veiculos\system\CodeIgniter.php(419): CodeIgniter\CodeIgniter->runController(Object(App\Controllers\Home))
#5 C:\wamp64\www\Loja-Veiculos\system\CodeIgniter.php(326): CodeIgniter\CodeIgniter->handleRequest(NULL, Object(Config\Cache), false)
#6 C:\wamp64\www\Loja-Veiculos\public\index.php(37): CodeIgniter\CodeIgniter->run()
#7 C:\wamp64\www\Loja-Veiculos\system\Commands\Server\rewrite.php(43): require_once('C:\\wamp64\\www\\L...')
#8 {main}
CRITICAL - 2022-06-22 12:10:38 -->  route cannot be found while reverse-routing.
#0 C:\wamp64\www\Loja-Veiculos\system\HTTP\RedirectResponse.php(56): CodeIgniter\HTTP\Exceptions\HTTPException::forInvalidRedirectRoute('')
#1 C:\wamp64\www\Loja-Veiculos\system\Common.php(832): CodeIgniter\HTTP\RedirectResponse->route(false)
#2 C:\wamp64\www\Loja-Veiculos\app\Controllers\Home.php(130): redirect('index')
#3 C:\wamp64\www\Loja-Veiculos\system\CodeIgniter.php(832): App\Controllers\Home->loginPessoa()
#4 C:\wamp64\www\Loja-Veiculos\system\CodeIgniter.php(419): CodeIgniter\CodeIgniter->runController(Object(App\Controllers\Home))
#5 C:\wamp64\www\Loja-Veiculos\system\CodeIgniter.php(326): CodeIgniter\CodeIgniter->handleRequest(NULL, Object(Config\Cache), false)
#6 C:\wamp64\www\Loja-Veiculos\public\index.php(37): CodeIgniter\CodeIgniter->run()
#7 C:\wamp64\www\Loja-Veiculos\system\Commands\Server\rewrite.php(43): require_once('C:\\wamp64\\www\\L...')
#8 {main}
CRITICAL - 2022-06-22 12:10:45 -->  route cannot be found while reverse-routing.
#0 C:\wamp64\www\Loja-Veiculos\system\HTTP\RedirectResponse.php(56): CodeIgniter\HTTP\Exceptions\HTTPException::forInvalidRedirectRoute('')
#1 C:\wamp64\www\Loja-Veiculos\system\Common.php(832): CodeIgniter\HTTP\RedirectResponse->route(false)
#2 C:\wamp64\www\Loja-Veiculos\app\Controllers\Home.php(129): redirect('index')
#3 C:\wamp64\www\Loja-Veiculos\system\CodeIgniter.php(832): App\Controllers\Home->loginPessoa()
#4 C:\wamp64\www\Loja-Veiculos\system\CodeIgniter.php(419): CodeIgniter\CodeIgniter->runController(Object(App\Controllers\Home))
#5 C:\wamp64\www\Loja-Veiculos\system\CodeIgniter.php(326): CodeIgniter\CodeIgniter->handleRequest(NULL, Object(Config\Cache), false)
#6 C:\wamp64\www\Loja-Veiculos\public\index.php(37): CodeIgniter\CodeIgniter->run()
#7 C:\wamp64\www\Loja-Veiculos\system\Commands\Server\rewrite.php(43): require_once('C:\\wamp64\\www\\L...')
#8 {main}
